   Compiling foreign-types-shared v0.1.1
   Compiling openssl-sys v0.9.77
   Compiling context v0.1.0 (/Users/xinxin22/breeze2/context)
   Compiling foreign-types v0.3.2
   Compiling openssl v0.10.42
   Compiling metrics v0.1.0 (/Users/xinxin22/breeze2/metrics)
   Compiling discovery v0.1.0 (/Users/xinxin22/breeze2/discovery)
   Compiling sharding v0.1.0 (/Users/xinxin22/breeze2/sharding)
   Compiling memcache v0.16.0
   Compiling protocol v0.1.0 (/Users/xinxin22/breeze2/protocol)
   Compiling api v0.1.0 (/Users/xinxin22/breeze2/api)
   Compiling rt v0.1.0 (/Users/xinxin22/breeze2/rt)
   Compiling stream v0.1.0 (/Users/xinxin22/breeze2/stream)
   Compiling endpoint v0.1.0 (/Users/xinxin22/breeze2/endpoint)
   Compiling agent v0.0.1 (/Users/xinxin22/breeze2/agent)
    Finished dev [unoptimized + debuginfo] target(s) in 11.06s
     Running `target/debug/agent --discovery 'vintage://10.182.27.228:8080' --snapshot /Users/xinxin22/Sites/breeze/snapshot --service-path /Users/xinxin22/Sites/breeze/socks --log-dir /Users/xinxin22/Sites/breeze/logs --upgrade --port 9984 --log-level info`
   Compiling context v0.1.0 (/Users/xinxin22/breeze2/context)
   Compiling metrics v0.1.0 (/Users/xinxin22/breeze2/metrics)
   Compiling discovery v0.1.0 (/Users/xinxin22/breeze2/discovery)
   Compiling api v0.1.0 (/Users/xinxin22/breeze2/api)
   Compiling sharding v0.1.0 (/Users/xinxin22/breeze2/sharding)
   Compiling protocol v0.1.0 (/Users/xinxin22/breeze2/protocol)
   Compiling rt v0.1.0 (/Users/xinxin22/breeze2/rt)
   Compiling stream v0.1.0 (/Users/xinxin22/breeze2/stream)
   Compiling endpoint v0.1.0 (/Users/xinxin22/breeze2/endpoint)
   Compiling agent v0.0.1 (/Users/xinxin22/breeze2/agent)
    Finished dev [unoptimized + debuginfo] target(s) in 6.99s
     Running `target/debug/agent --discovery 'vintage://10.182.27.228:8080' --snapshot /Users/xinxin22/Sites/breeze/snapshot --service-path /Users/xinxin22/Sites/breeze/socks --log-dir /Users/xinxin22/Sites/breeze/logs --upgrade --port 9984 --log-level info`
    Finished dev [unoptimized + debuginfo] target(s) in 0.29s
     Running `target/debug/agent --discovery 'vintage://10.182.27.228:8080' --snapshot /Users/xinxin22/Sites/breeze/snapshot --service-path /Users/xinxin22/Sites/breeze/socks --log-dir /Users/xinxin22/Sites/breeze/logs --upgrade --port 9984 --log-level info`
    Finished dev [unoptimized + debuginfo] target(s) in 0.29s
     Running `target/debug/agent --discovery 'vintage://10.182.27.228:8080' --snapshot /Users/xinxin22/Sites/breeze/snapshot --service-path /Users/xinxin22/Sites/breeze/socks --log-dir /Users/xinxin22/Sites/breeze/logs --upgrade --port 9984 --log-level info`
    Finished dev [unoptimized + debuginfo] target(s) in 0.40s
     Running `target/debug/agent --discovery 'vintage://10.182.27.228:8080' --snapshot /Users/xinxin22/Sites/breeze/snapshot --service-path /Users/xinxin22/Sites/breeze/socks --log-dir /Users/xinxin22/Sites/breeze/logs --upgrade --port 9984 --log-level info`
    Finished dev [unoptimized + debuginfo] target(s) in 0.42s
     Running `target/debug/agent --discovery 'vintage://10.182.27.228:8080' --snapshot /Users/xinxin22/Sites/breeze/snapshot --service-path /Users/xinxin22/Sites/breeze/socks --log-dir /Users/xinxin22/Sites/breeze/logs --upgrade --port 9984 --log-level info`
    Finished dev [unoptimized + debuginfo] target(s) in 0.29s
     Running `target/debug/agent --discovery 'vintage://10.182.27.228:8080' --snapshot /Users/xinxin22/Sites/breeze/snapshot --service-path /Users/xinxin22/Sites/breeze/socks --log-dir /Users/xinxin22/Sites/breeze/logs --upgrade --port 9984 --log-level info`
    Finished dev [unoptimized + debuginfo] target(s) in 0.42s
     Running `target/debug/agent --discovery 'vintage://10.182.27.228:8080' --snapshot /Users/xinxin22/Sites/breeze/snapshot --service-path /Users/xinxin22/Sites/breeze/socks --log-dir /Users/xinxin22/Sites/breeze/logs --upgrade --port 9984 --log-level info`
    Finished dev [unoptimized + debuginfo] target(s) in 0.30s
     Running `target/debug/agent --discovery 'vintage://10.182.27.228:8080' --snapshot /Users/xinxin22/Sites/breeze/snapshot --service-path /Users/xinxin22/Sites/breeze/socks --log-dir /Users/xinxin22/Sites/breeze/logs --upgrade --port 9984 --log-level info`
    Finished dev [unoptimized + debuginfo] target(s) in 0.37s
     Running `target/debug/agent --discovery 'vintage://10.182.27.228:8080' --snapshot /Users/xinxin22/Sites/breeze/snapshot --service-path /Users/xinxin22/Sites/breeze/socks --log-dir /Users/xinxin22/Sites/breeze/logs --upgrade --port 9984 --log-level info`
    Finished dev [unoptimized + debuginfo] target(s) in 0.94s
     Running `target/debug/agent --discovery 'vintage://10.182.27.228:8080' --snapshot /Users/xinxin22/Sites/breeze/snapshot --service-path /Users/xinxin22/Sites/breeze/socks --log-dir /Users/xinxin22/Sites/breeze/logs --upgrade --port 9984 --log-level info`
    Finished dev [unoptimized + debuginfo] target(s) in 0.29s
     Running `target/debug/agent --discovery 'vintage://10.182.27.228:8080' --snapshot /Users/xinxin22/Sites/breeze/snapshot --service-path /Users/xinxin22/Sites/breeze/socks --log-dir /Users/xinxin22/Sites/breeze/logs --upgrade --port 9984 --log-level info`
    Finished dev [unoptimized + debuginfo] target(s) in 0.32s
     Running `target/debug/agent --discovery 'vintage://10.182.27.228:8080' --snapshot /Users/xinxin22/Sites/breeze/snapshot --service-path /Users/xinxin22/Sites/breeze/socks --log-dir /Users/xinxin22/Sites/breeze/logs --upgrade --port 9984 --log-level info`
    Finished dev [unoptimized + debuginfo] target(s) in 0.17s
     Running `target/debug/agent --discovery 'vintage://10.182.27.228:8080' --snapshot /Users/xinxin22/Sites/breeze/snapshot --service-path /Users/xinxin22/Sites/breeze/socks --log-dir /Users/xinxin22/Sites/breeze/logs --upgrade --port 9984 --log-level info`
mesh panic /Users/xinxin22/breeze2/protocol/src/redis/packet.rs:103: assertion failed: `(left != right)`
  left: `0`,
 right: `0`: packet:(packet => len:18 bulk num: 0 op_code:1746 oft:(0 => 18)) first:true data:ptr:3007325648896 start:163 end:181 cap:1024 => "*1\r\n$8\r\nlsgetall\r\n"
panic backtrace:    0: backtrace::backtrace::libunwind::trace
             at /Users/xinxin22/.cargo/registry/src/mirrors.ustc.edu.cn-61ef6e0cd06fb9b8/backtrace-0.3.63/src/backtrace/libunwind.rs:93:5
      backtrace::backtrace::trace_unsynchronized
             at /Users/xinxin22/.cargo/registry/src/mirrors.ustc.edu.cn-61ef6e0cd06fb9b8/backtrace-0.3.63/src/backtrace/mod.rs:66:5
   1: backtrace::backtrace::trace
             at /Users/xinxin22/.cargo/registry/src/mirrors.ustc.edu.cn-61ef6e0cd06fb9b8/backtrace-0.3.63/src/backtrace/mod.rs:53:14
   2: backtrace::capture::Backtrace::create
             at /Users/xinxin22/.cargo/registry/src/mirrors.ustc.edu.cn-61ef6e0cd06fb9b8/backtrace-0.3.63/src/capture.rs:176:9
   3: backtrace::capture::Backtrace::new
             at /Users/xinxin22/.cargo/registry/src/mirrors.ustc.edu.cn-61ef6e0cd06fb9b8/backtrace-0.3.63/src/capture.rs:140:22
   4: agent::init::init_panic_hook::{{closure}}
             at agent/src/init.rs:44:56
   5: std::panicking::rust_panic_with_hook
             at /rustc/a55dd71d5fb0ec5a6a3a9e8c27b2127ba491ce52/library/std/src/panicking.rs:702:17
   6: std::panicking::begin_panic_handler::{{closure}}
             at /rustc/a55dd71d5fb0ec5a6a3a9e8c27b2127ba491ce52/library/std/src/panicking.rs:588:13
   7: std::sys_common::backtrace::__rust_end_short_backtrace
             at /rustc/a55dd71d5fb0ec5a6a3a9e8c27b2127ba491ce52/library/std/src/sys_common/backtrace.rs:138:18
   8: rust_begin_unwind
             at /rustc/a55dd71d5fb0ec5a6a3a9e8c27b2127ba491ce52/library/std/src/panicking.rs:584:5
   9: core::panicking::panic_fmt
             at /rustc/a55dd71d5fb0ec5a6a3a9e8c27b2127ba491ce52/library/core/src/panicking.rs:142:14
  10: core::panicking::assert_failed_inner
  11: core::panicking::assert_failed
             at /rustc/a55dd71d5fb0ec5a6a3a9e8c27b2127ba491ce52/library/core/src/panicking.rs:181:5
  12: protocol::redis::packet::RequestPacket<S>::parse_key
             at protocol/src/redis/packet.rs:103:9
  13: protocol::redis::Redis::parse_request_inner
             at protocol/src/redis/mod.rs:104:31
  14: <protocol::redis::Redis as protocol::parser::Proto>::parse_request
             at protocol/src/redis/mod.rs:250:15
  15: <protocol::parser::Parser as protocol::parser::Proto>::parse_request
             at protocol/src/parser.rs:30:1
  16: stream::pipeline::CopyBidirectional<C,P,T>::parse_request
             at stream/src/pipeline.rs:160:9
  17: <stream::pipeline::CopyBidirectional<C,P,T> as core::future::future::Future>::poll
             at stream/src/pipeline.rs:95:13
  18: rt::entry::Entry<F>::poll_run
             at rt/src/entry.rs:115:19
  19: <rt::entry::Entry<F> as core::future::future::Future>::poll
             at rt/src/entry.rs:146:36
  20: stream::pipeline::copy_bidirectional::{{closure}}
             at stream/src/pipeline.rs:52:55
  21: <core::future::from_generator::GenFuture<T> as core::future::future::Future>::poll
             at /rustc/a55dd71d5fb0ec5a6a3a9e8c27b2127ba491ce52/library/core/src/future/mod.rs:91:19
  22: agent::service::_process_one::{{closure}}::{{closure}}
             at agent/src/service.rs:102:72
  23: <core::future::from_generator::GenFuture<T> as core::future::future::Future>::poll
             at /rustc/a55dd71d5fb0ec5a6a3a9e8c27b2127ba491ce52/library/core/src/future/mod.rs:91:19
  24: <core::pin::Pin<P> as core::future::future::Future>::poll
             at /rustc/a55dd71d5fb0ec5a6a3a9e8c27b2127ba491ce52/library/core/src/future/future.rs:124:9
  25: tokio::runtime::task::core::CoreStage<T>::poll::{{closure}}
             at /Users/xinxin22/.cargo/registry/src/mirrors.ustc.edu.cn-61ef6e0cd06fb9b8/tokio-1.21.2/src/runtime/task/core.rs:184:17
  26: tokio::loom::std::unsafe_cell::UnsafeCell<T>::with_mut
             at /Users/xinxin22/.cargo/registry/src/mirrors.ustc.edu.cn-61ef6e0cd06fb9b8/tokio-1.21.2/src/loom/std/unsafe_cell.rs:14:9
  27: tokio::runtime::task::core::CoreStage<T>::poll
             at /Users/xinxin22/.cargo/registry/src/mirrors.ustc.edu.cn-61ef6e0cd06fb9b8/tokio-1.21.2/src/runtime/task/core.rs:174:13
  28: tokio::runtime::task::harness::poll_future::{{closure}}
             at /Users/xinxin22/.cargo/registry/src/mirrors.ustc.edu.cn-61ef6e0cd06fb9b8/tokio-1.21.2/src/runtime/task/harness.rs:480:19
  29: <core::panic::unwind_safe::AssertUnwindSafe<F> as core::ops::function::FnOnce<()>>::call_once
             at /rustc/a55dd71d5fb0ec5a6a3a9e8c27b2127ba491ce52/library/core/src/panic/unwind_safe.rs:271:9
  30: std::panicking::try::do_call
             at /rustc/a55dd71d5fb0ec5a6a3a9e8c27b2127ba491ce52/library/std/src/panicking.rs:492:40
  31: ___rust_try
  32: std::panicking::try
             at /rustc/a55dd71d5fb0ec5a6a3a9e8c27b2127ba491ce52/library/std/src/panicking.rs:456:19
  33: std::panic::catch_unwind
             at /rustc/a55dd71d5fb0ec5a6a3a9e8c27b2127ba491ce52/library/std/src/panic.rs:137:14
  34: tokio::runtime::task::harness::poll_future
             at /Users/xinxin22/.cargo/registry/src/mirrors.ustc.edu.cn-61ef6e0cd06fb9b8/tokio-1.21.2/src/runtime/task/harness.rs:468:18
  35: tokio::runtime::task::harness::Harness<T,S>::poll_inner
             at /Users/xinxin22/.cargo/registry/src/mirrors.ustc.edu.cn-61ef6e0cd06fb9b8/tokio-1.21.2/src/runtime/task/harness.rs:104:27
  36: tokio::runtime::task::harness::Harness<T,S>::poll
             at /Users/xinxin22/.cargo/registry/src/mirrors.ustc.edu.cn-61ef6e0cd06fb9b8/tokio-1.21.2/src/runtime/task/harness.rs:57:15
  37: tokio::runtime::task::raw::poll
             at /Users/xinxin22/.cargo/registry/src/mirrors.ustc.edu.cn-61ef6e0cd06fb9b8/tokio-1.21.2/src/runtime/task/raw.rs:194:5
  38: tokio::runtime::task::raw::RawTask::poll
             at /Users/xinxin22/.cargo/registry/src/mirrors.ustc.edu.cn-61ef6e0cd06fb9b8/tokio-1.21.2/src/runtime/task/raw.rs:134:18
  39: tokio::runtime::task::LocalNotified<S>::run
             at /Users/xinxin22/.cargo/registry/src/mirrors.ustc.edu.cn-61ef6e0cd06fb9b8/tokio-1.21.2/src/runtime/task/mod.rs:385:9
  40: tokio::runtime::scheduler::multi_thread::worker::Context::run_task::{{closure}}
             at /Users/xinxin22/.cargo/registry/src/mirrors.ustc.edu.cn-61ef6e0cd06fb9b8/tokio-1.21.2/src/runtime/scheduler/multi_thread/worker.rs:421:13
  41: tokio::coop::with_budget::{{closure}}
             at /Users/xinxin22/.cargo/registry/src/mirrors.ustc.edu.cn-61ef6e0cd06fb9b8/tokio-1.21.2/src/coop.rs:102:9
  42: std::thread::local::LocalKey<T>::try_with
             at /rustc/a55dd71d5fb0ec5a6a3a9e8c27b2127ba491ce52/library/std/src/thread/local.rs:445:16
  43: std::thread::local::LocalKey<T>::with
             at /rustc/a55dd71d5fb0ec5a6a3a9e8c27b2127ba491ce52/library/std/src/thread/local.rs:421:9
  44: tokio::coop::with_budget
             at /Users/xinxin22/.cargo/registry/src/mirrors.ustc.edu.cn-61ef6e0cd06fb9b8/tokio-1.21.2/src/coop.rs:95:5
      tokio::coop::budget
             at /Users/xinxin22/.cargo/registry/src/mirrors.ustc.edu.cn-61ef6e0cd06fb9b8/tokio-1.21.2/src/coop.rs:72:5
      tokio::runtime::scheduler::multi_thread::worker::Context::run_task
             at /Users/xinxin22/.cargo/registry/src/mirrors.ustc.edu.cn-61ef6e0cd06fb9b8/tokio-1.21.2/src/runtime/scheduler/multi_thread/worker.rs:420:9
  45: tokio::runtime::scheduler::multi_thread::worker::Context::run
             at /Users/xinxin22/.cargo/registry/src/mirrors.ustc.edu.cn-61ef6e0cd06fb9b8/tokio-1.21.2/src/runtime/scheduler/multi_thread/worker.rs:387:24
  46: tokio::runtime::scheduler::multi_thread::worker::run::{{closure}}
             at /Users/xinxin22/.cargo/registry/src/mirrors.ustc.edu.cn-61ef6e0cd06fb9b8/tokio-1.21.2/src/runtime/scheduler/multi_thread/worker.rs:372:17
  47: tokio::macros::scoped_tls::ScopedKey<T>::set
             at /Users/xinxin22/.cargo/registry/src/mirrors.ustc.edu.cn-61ef6e0cd06fb9b8/tokio-1.21.2/src/macros/scoped_tls.rs:61:9
  48: tokio::runtime::scheduler::multi_thread::worker::run
             at /Users/xinxin22/.cargo/registry/src/mirrors.ustc.edu.cn-61ef6e0cd06fb9b8/tokio-1.21.2/src/runtime/scheduler/multi_thread/worker.rs:369:5
  49: tokio::runtime::scheduler::multi_thread::worker::Launch::launch::{{closure}}
             at /Users/xinxin22/.cargo/registry/src/mirrors.ustc.edu.cn-61ef6e0cd06fb9b8/tokio-1.21.2/src/runtime/scheduler/multi_thread/worker.rs:348:45
  50: <tokio::runtime::blocking::task::BlockingTask<T> as core::future::future::Future>::poll
             at /Users/xinxin22/.cargo/registry/src/mirrors.ustc.edu.cn-61ef6e0cd06fb9b8/tokio-1.21.2/src/runtime/blocking/task.rs:42:21
  51: tokio::runtime::task::core::CoreStage<T>::poll::{{closure}}
             at /Users/xinxin22/.cargo/registry/src/mirrors.ustc.edu.cn-61ef6e0cd06fb9b8/tokio-1.21.2/src/runtime/task/core.rs:184:17
  52: tokio::loom::std::unsafe_cell::UnsafeCell<T>::with_mut
             at /Users/xinxin22/.cargo/registry/src/mirrors.ustc.edu.cn-61ef6e0cd06fb9b8/tokio-1.21.2/src/loom/std/unsafe_cell.rs:14:9
  53: tokio::runtime::task::core::CoreStage<T>::poll
             at /Users/xinxin22/.cargo/registry/src/mirrors.ustc.edu.cn-61ef6e0cd06fb9b8/tokio-1.21.2/src/runtime/task/core.rs:174:13
  54: tokio::runtime::task::harness::poll_future::{{closure}}
             at /Users/xinxin22/.cargo/registry/src/mirrors.ustc.edu.cn-61ef6e0cd06fb9b8/tokio-1.21.2/src/runtime/task/harness.rs:480:19
  55: <core::panic::unwind_safe::AssertUnwindSafe<F> as core::ops::function::FnOnce<()>>::call_once
             at /rustc/a55dd71d5fb0ec5a6a3a9e8c27b2127ba491ce52/library/core/src/panic/unwind_safe.rs:271:9
  56: std::panicking::try::do_call
             at /rustc/a55dd71d5fb0ec5a6a3a9e8c27b2127ba491ce52/library/std/src/panicking.rs:492:40
  57: ___rust_try
  58: std::panicking::try
             at /rustc/a55dd71d5fb0ec5a6a3a9e8c27b2127ba491ce52/library/std/src/panicking.rs:456:19
  59: std::panic::catch_unwind
             at /rustc/a55dd71d5fb0ec5a6a3a9e8c27b2127ba491ce52/library/std/src/panic.rs:137:14
  60: tokio::runtime::task::harness::poll_future
             at /Users/xinxin22/.cargo/registry/src/mirrors.ustc.edu.cn-61ef6e0cd06fb9b8/tokio-1.21.2/src/runtime/task/harness.rs:468:18
  61: tokio::runtime::task::harness::Harness<T,S>::poll_inner
             at /Users/xinxin22/.cargo/registry/src/mirrors.ustc.edu.cn-61ef6e0cd06fb9b8/tokio-1.21.2/src/runtime/task/harness.rs:104:27
  62: tokio::runtime::task::harness::Harness<T,S>::poll
             at /Users/xinxin22/.cargo/registry/src/mirrors.ustc.edu.cn-61ef6e0cd06fb9b8/tokio-1.21.2/src/runtime/task/harness.rs:57:15
  63: tokio::runtime::task::raw::poll
             at /Users/xinxin22/.cargo/registry/src/mirrors.ustc.edu.cn-61ef6e0cd06fb9b8/tokio-1.21.2/src/runtime/task/raw.rs:194:5
  64: tokio::runtime::task::raw::RawTask::poll
             at /Users/xinxin22/.cargo/registry/src/mirrors.ustc.edu.cn-61ef6e0cd06fb9b8/tokio-1.21.2/src/runtime/task/raw.rs:134:18
  65: tokio::runtime::task::UnownedTask<S>::run
             at /Users/xinxin22/.cargo/registry/src/mirrors.ustc.edu.cn-61ef6e0cd06fb9b8/tokio-1.21.2/src/runtime/task/mod.rs:422:9
  66: tokio::runtime::blocking::pool::Task::run
             at /Users/xinxin22/.cargo/registry/src/mirrors.ustc.edu.cn-61ef6e0cd06fb9b8/tokio-1.21.2/src/runtime/blocking/pool.rs:111:9
  67: tokio::runtime::blocking::pool::Inner::run
             at /Users/xinxin22/.cargo/registry/src/mirrors.ustc.edu.cn-61ef6e0cd06fb9b8/tokio-1.21.2/src/runtime/blocking/pool.rs:346:17
  68: tokio::runtime::blocking::pool::Spawner::spawn_thread::{{closure}}
             at /Users/xinxin22/.cargo/registry/src/mirrors.ustc.edu.cn-61ef6e0cd06fb9b8/tokio-1.21.2/src/runtime/blocking/pool.rs:321:13
  69: std::sys_common::backtrace::__rust_begin_short_backtrace
             at /rustc/a55dd71d5fb0ec5a6a3a9e8c27b2127ba491ce52/library/std/src/sys_common/backtrace.rs:122:18
  70: std::thread::Builder::spawn_unchecked_::{{closure}}::{{closure}}
             at /rustc/a55dd71d5fb0ec5a6a3a9e8c27b2127ba491ce52/library/std/src/thread/mod.rs:505:17
  71: <core::panic::unwind_safe::AssertUnwindSafe<F> as core::ops::function::FnOnce<()>>::call_once
             at /rustc/a55dd71d5fb0ec5a6a3a9e8c27b2127ba491ce52/library/core/src/panic/unwind_safe.rs:271:9
  72: std::panicking::try::do_call
             at /rustc/a55dd71d5fb0ec5a6a3a9e8c27b2127ba491ce52/library/std/src/panicking.rs:492:40
  73: ___rust_try
  74: std::panicking::try
             at /rustc/a55dd71d5fb0ec5a6a3a9e8c27b2127ba491ce52/library/std/src/panicking.rs:456:19
  75: std::panic::catch_unwind
             at /rustc/a55dd71d5fb0ec5a6a3a9e8c27b2127ba491ce52/library/std/src/panic.rs:137:14
  76: std::thread::Builder::spawn_unchecked_::{{closure}}
             at /rustc/a55dd71d5fb0ec5a6a3a9e8c27b2127ba491ce52/library/std/src/thread/mod.rs:504:30
  77: core::ops::function::FnOnce::call_once{{vtable.shim}}
             at /rustc/a55dd71d5fb0ec5a6a3a9e8c27b2127ba491ce52/library/core/src/ops/function.rs:248:5
  78: <alloc::boxed::Box<F,A> as core::ops::function::FnOnce<Args>>::call_once
             at /rustc/a55dd71d5fb0ec5a6a3a9e8c27b2127ba491ce52/library/alloc/src/boxed.rs:1935:9
      <alloc::boxed::Box<F,A> as core::ops::function::FnOnce<Args>>::call_once
             at /rustc/a55dd71d5fb0ec5a6a3a9e8c27b2127ba491ce52/library/alloc/src/boxed.rs:1935:9
      std::sys::unix::thread::Thread::new::thread_start
             at /rustc/a55dd71d5fb0ec5a6a3a9e8c27b2127ba491ce52/library/std/src/sys/unix/thread.rs:108:17
  79: __pthread_deallocate

mesh panic /Users/xinxin22/breeze2/protocol/src/redis/packet.rs:103: assertion failed: `(left != right)`
  left: `0`,
 right: `0`: packet:(packet => len:18 bulk num: 0 op_code:1746 oft:(0 => 18)) first:true data:ptr:3007312881664 start:0 end:18 cap:1024 => "*1\r\n$8\r\nlsgetall\r\n"
panic backtrace:    0: backtrace::backtrace::libunwind::trace
             at /Users/xinxin22/.cargo/registry/src/mirrors.ustc.edu.cn-61ef6e0cd06fb9b8/backtrace-0.3.63/src/backtrace/libunwind.rs:93:5
      backtrace::backtrace::trace_unsynchronized
             at /Users/xinxin22/.cargo/registry/src/mirrors.ustc.edu.cn-61ef6e0cd06fb9b8/backtrace-0.3.63/src/backtrace/mod.rs:66:5
   1: backtrace::backtrace::trace
             at /Users/xinxin22/.cargo/registry/src/mirrors.ustc.edu.cn-61ef6e0cd06fb9b8/backtrace-0.3.63/src/backtrace/mod.rs:53:14
   2: backtrace::capture::Backtrace::create
             at /Users/xinxin22/.cargo/registry/src/mirrors.ustc.edu.cn-61ef6e0cd06fb9b8/backtrace-0.3.63/src/capture.rs:176:9
   3: backtrace::capture::Backtrace::new
             at /Users/xinxin22/.cargo/registry/src/mirrors.ustc.edu.cn-61ef6e0cd06fb9b8/backtrace-0.3.63/src/capture.rs:140:22
   4: agent::init::init_panic_hook::{{closure}}
             at agent/src/init.rs:44:56
   5: std::panicking::rust_panic_with_hook
             at /rustc/a55dd71d5fb0ec5a6a3a9e8c27b2127ba491ce52/library/std/src/panicking.rs:702:17
   6: std::panicking::begin_panic_handler::{{closure}}
             at /rustc/a55dd71d5fb0ec5a6a3a9e8c27b2127ba491ce52/library/std/src/panicking.rs:588:13
   7: std::sys_common::backtrace::__rust_end_short_backtrace
             at /rustc/a55dd71d5fb0ec5a6a3a9e8c27b2127ba491ce52/library/std/src/sys_common/backtrace.rs:138:18
   8: rust_begin_unwind
             at /rustc/a55dd71d5fb0ec5a6a3a9e8c27b2127ba491ce52/library/std/src/panicking.rs:584:5
   9: core::panicking::panic_fmt
             at /rustc/a55dd71d5fb0ec5a6a3a9e8c27b2127ba491ce52/library/core/src/panicking.rs:142:14
  10: core::panicking::assert_failed_inner
  11: core::panicking::assert_failed
             at /rustc/a55dd71d5fb0ec5a6a3a9e8c27b2127ba491ce52/library/core/src/panicking.rs:181:5
  12: protocol::redis::packet::RequestPacket<S>::parse_key
             at protocol/src/redis/packet.rs:103:9
  13: protocol::redis::Redis::parse_request_inner
             at protocol/src/redis/mod.rs:104:31
  14: <protocol::redis::Redis as protocol::parser::Proto>::parse_request
             at protocol/src/redis/mod.rs:250:15
  15: <protocol::parser::Parser as protocol::parser::Proto>::parse_request
             at protocol/src/parser.rs:30:1
  16: stream::pipeline::CopyBidirectional<C,P,T>::parse_request
             at stream/src/pipeline.rs:160:9
  17: <stream::pipeline::CopyBidirectional<C,P,T> as core::future::future::Future>::poll
             at stream/src/pipeline.rs:95:13
  18: rt::entry::Entry<F>::poll_run
             at rt/src/entry.rs:115:19
  19: <rt::entry::Entry<F> as core::future::future::Future>::poll
             at rt/src/entry.rs:146:36
  20: stream::pipeline::copy_bidirectional::{{closure}}
             at stream/src/pipeline.rs:52:55
  21: <core::future::from_generator::GenFuture<T> as core::future::future::Future>::poll
             at /rustc/a55dd71d5fb0ec5a6a3a9e8c27b2127ba491ce52/library/core/src/future/mod.rs:91:19
  22: agent::service::_process_one::{{closure}}::{{closure}}
             at agent/src/service.rs:102:72
  23: <core::future::from_generator::GenFuture<T> as core::future::future::Future>::poll
             at /rustc/a55dd71d5fb0ec5a6a3a9e8c27b2127ba491ce52/library/core/src/future/mod.rs:91:19
  24: <core::pin::Pin<P> as core::future::future::Future>::poll
             at /rustc/a55dd71d5fb0ec5a6a3a9e8c27b2127ba491ce52/library/core/src/future/future.rs:124:9
  25: tokio::runtime::task::core::CoreStage<T>::poll::{{closure}}
             at /Users/xinxin22/.cargo/registry/src/mirrors.ustc.edu.cn-61ef6e0cd06fb9b8/tokio-1.21.2/src/runtime/task/core.rs:184:17
  26: tokio::loom::std::unsafe_cell::UnsafeCell<T>::with_mut
             at /Users/xinxin22/.cargo/registry/src/mirrors.ustc.edu.cn-61ef6e0cd06fb9b8/tokio-1.21.2/src/loom/std/unsafe_cell.rs:14:9
  27: tokio::runtime::task::core::CoreStage<T>::poll
             at /Users/xinxin22/.cargo/registry/src/mirrors.ustc.edu.cn-61ef6e0cd06fb9b8/tokio-1.21.2/src/runtime/task/core.rs:174:13
  28: tokio::runtime::task::harness::poll_future::{{closure}}
             at /Users/xinxin22/.cargo/registry/src/mirrors.ustc.edu.cn-61ef6e0cd06fb9b8/tokio-1.21.2/src/runtime/task/harness.rs:480:19
  29: <core::panic::unwind_safe::AssertUnwindSafe<F> as core::ops::function::FnOnce<()>>::call_once
             at /rustc/a55dd71d5fb0ec5a6a3a9e8c27b2127ba491ce52/library/core/src/panic/unwind_safe.rs:271:9
  30: std::panicking::try::do_call
             at /rustc/a55dd71d5fb0ec5a6a3a9e8c27b2127ba491ce52/library/std/src/panicking.rs:492:40
  31: ___rust_try
  32: std::panicking::try
             at /rustc/a55dd71d5fb0ec5a6a3a9e8c27b2127ba491ce52/library/std/src/panicking.rs:456:19
  33: std::panic::catch_unwind
             at /rustc/a55dd71d5fb0ec5a6a3a9e8c27b2127ba491ce52/library/std/src/panic.rs:137:14
  34: tokio::runtime::task::harness::poll_future
             at /Users/xinxin22/.cargo/registry/src/mirrors.ustc.edu.cn-61ef6e0cd06fb9b8/tokio-1.21.2/src/runtime/task/harness.rs:468:18
  35: tokio::runtime::task::harness::Harness<T,S>::poll_inner
             at /Users/xinxin22/.cargo/registry/src/mirrors.ustc.edu.cn-61ef6e0cd06fb9b8/tokio-1.21.2/src/runtime/task/harness.rs:104:27
  36: tokio::runtime::task::harness::Harness<T,S>::poll
             at /Users/xinxin22/.cargo/registry/src/mirrors.ustc.edu.cn-61ef6e0cd06fb9b8/tokio-1.21.2/src/runtime/task/harness.rs:57:15
  37: tokio::runtime::task::raw::poll
             at /Users/xinxin22/.cargo/registry/src/mirrors.ustc.edu.cn-61ef6e0cd06fb9b8/tokio-1.21.2/src/runtime/task/raw.rs:194:5
  38: tokio::runtime::task::raw::RawTask::poll
             at /Users/xinxin22/.cargo/registry/src/mirrors.ustc.edu.cn-61ef6e0cd06fb9b8/tokio-1.21.2/src/runtime/task/raw.rs:134:18
  39: tokio::runtime::task::LocalNotified<S>::run
             at /Users/xinxin22/.cargo/registry/src/mirrors.ustc.edu.cn-61ef6e0cd06fb9b8/tokio-1.21.2/src/runtime/task/mod.rs:385:9
  40: tokio::runtime::scheduler::multi_thread::worker::Context::run_task::{{closure}}
             at /Users/xinxin22/.cargo/registry/src/mirrors.ustc.edu.cn-61ef6e0cd06fb9b8/tokio-1.21.2/src/runtime/scheduler/multi_thread/worker.rs:421:13
  41: tokio::coop::with_budget::{{closure}}
             at /Users/xinxin22/.cargo/registry/src/mirrors.ustc.edu.cn-61ef6e0cd06fb9b8/tokio-1.21.2/src/coop.rs:102:9
  42: std::thread::local::LocalKey<T>::try_with
             at /rustc/a55dd71d5fb0ec5a6a3a9e8c27b2127ba491ce52/library/std/src/thread/local.rs:445:16
  43: std::thread::local::LocalKey<T>::with
             at /rustc/a55dd71d5fb0ec5a6a3a9e8c27b2127ba491ce52/library/std/src/thread/local.rs:421:9
  44: tokio::coop::with_budget
             at /Users/xinxin22/.cargo/registry/src/mirrors.ustc.edu.cn-61ef6e0cd06fb9b8/tokio-1.21.2/src/coop.rs:95:5
      tokio::coop::budget
             at /Users/xinxin22/.cargo/registry/src/mirrors.ustc.edu.cn-61ef6e0cd06fb9b8/tokio-1.21.2/src/coop.rs:72:5
      tokio::runtime::scheduler::multi_thread::worker::Context::run_task
             at /Users/xinxin22/.cargo/registry/src/mirrors.ustc.edu.cn-61ef6e0cd06fb9b8/tokio-1.21.2/src/runtime/scheduler/multi_thread/worker.rs:420:9
  45: tokio::runtime::scheduler::multi_thread::worker::Context::run
             at /Users/xinxin22/.cargo/registry/src/mirrors.ustc.edu.cn-61ef6e0cd06fb9b8/tokio-1.21.2/src/runtime/scheduler/multi_thread/worker.rs:387:24
  46: tokio::runtime::scheduler::multi_thread::worker::run::{{closure}}
             at /Users/xinxin22/.cargo/registry/src/mirrors.ustc.edu.cn-61ef6e0cd06fb9b8/tokio-1.21.2/src/runtime/scheduler/multi_thread/worker.rs:372:17
  47: tokio::macros::scoped_tls::ScopedKey<T>::set
             at /Users/xinxin22/.cargo/registry/src/mirrors.ustc.edu.cn-61ef6e0cd06fb9b8/tokio-1.21.2/src/macros/scoped_tls.rs:61:9
  48: tokio::runtime::scheduler::multi_thread::worker::run
             at /Users/xinxin22/.cargo/registry/src/mirrors.ustc.edu.cn-61ef6e0cd06fb9b8/tokio-1.21.2/src/runtime/scheduler/multi_thread/worker.rs:369:5
  49: tokio::runtime::scheduler::multi_thread::worker::Launch::launch::{{closure}}
             at /Users/xinxin22/.cargo/registry/src/mirrors.ustc.edu.cn-61ef6e0cd06fb9b8/tokio-1.21.2/src/runtime/scheduler/multi_thread/worker.rs:348:45
  50: <tokio::runtime::blocking::task::BlockingTask<T> as core::future::future::Future>::poll
             at /Users/xinxin22/.cargo/registry/src/mirrors.ustc.edu.cn-61ef6e0cd06fb9b8/tokio-1.21.2/src/runtime/blocking/task.rs:42:21
  51: tokio::runtime::task::core::CoreStage<T>::poll::{{closure}}
             at /Users/xinxin22/.cargo/registry/src/mirrors.ustc.edu.cn-61ef6e0cd06fb9b8/tokio-1.21.2/src/runtime/task/core.rs:184:17
  52: tokio::loom::std::unsafe_cell::UnsafeCell<T>::with_mut
             at /Users/xinxin22/.cargo/registry/src/mirrors.ustc.edu.cn-61ef6e0cd06fb9b8/tokio-1.21.2/src/loom/std/unsafe_cell.rs:14:9
  53: tokio::runtime::task::core::CoreStage<T>::poll
             at /Users/xinxin22/.cargo/registry/src/mirrors.ustc.edu.cn-61ef6e0cd06fb9b8/tokio-1.21.2/src/runtime/task/core.rs:174:13
  54: tokio::runtime::task::harness::poll_future::{{closure}}
             at /Users/xinxin22/.cargo/registry/src/mirrors.ustc.edu.cn-61ef6e0cd06fb9b8/tokio-1.21.2/src/runtime/task/harness.rs:480:19
  55: <core::panic::unwind_safe::AssertUnwindSafe<F> as core::ops::function::FnOnce<()>>::call_once
             at /rustc/a55dd71d5fb0ec5a6a3a9e8c27b2127ba491ce52/library/core/src/panic/unwind_safe.rs:271:9
  56: std::panicking::try::do_call
             at /rustc/a55dd71d5fb0ec5a6a3a9e8c27b2127ba491ce52/library/std/src/panicking.rs:492:40
  57: ___rust_try
  58: std::panicking::try
             at /rustc/a55dd71d5fb0ec5a6a3a9e8c27b2127ba491ce52/library/std/src/panicking.rs:456:19
  59: std::panic::catch_unwind
             at /rustc/a55dd71d5fb0ec5a6a3a9e8c27b2127ba491ce52/library/std/src/panic.rs:137:14
  60: tokio::runtime::task::harness::poll_future
             at /Users/xinxin22/.cargo/registry/src/mirrors.ustc.edu.cn-61ef6e0cd06fb9b8/tokio-1.21.2/src/runtime/task/harness.rs:468:18
  61: tokio::runtime::task::harness::Harness<T,S>::poll_inner
             at /Users/xinxin22/.cargo/registry/src/mirrors.ustc.edu.cn-61ef6e0cd06fb9b8/tokio-1.21.2/src/runtime/task/harness.rs:104:27
  62: tokio::runtime::task::harness::Harness<T,S>::poll
             at /Users/xinxin22/.cargo/registry/src/mirrors.ustc.edu.cn-61ef6e0cd06fb9b8/tokio-1.21.2/src/runtime/task/harness.rs:57:15
  63: tokio::runtime::task::raw::poll
             at /Users/xinxin22/.cargo/registry/src/mirrors.ustc.edu.cn-61ef6e0cd06fb9b8/tokio-1.21.2/src/runtime/task/raw.rs:194:5
  64: tokio::runtime::task::raw::RawTask::poll
             at /Users/xinxin22/.cargo/registry/src/mirrors.ustc.edu.cn-61ef6e0cd06fb9b8/tokio-1.21.2/src/runtime/task/raw.rs:134:18
  65: tokio::runtime::task::UnownedTask<S>::run
             at /Users/xinxin22/.cargo/registry/src/mirrors.ustc.edu.cn-61ef6e0cd06fb9b8/tokio-1.21.2/src/runtime/task/mod.rs:422:9
  66: tokio::runtime::blocking::pool::Task::run
             at /Users/xinxin22/.cargo/registry/src/mirrors.ustc.edu.cn-61ef6e0cd06fb9b8/tokio-1.21.2/src/runtime/blocking/pool.rs:111:9
  67: tokio::runtime::blocking::pool::Inner::run
             at /Users/xinxin22/.cargo/registry/src/mirrors.ustc.edu.cn-61ef6e0cd06fb9b8/tokio-1.21.2/src/runtime/blocking/pool.rs:346:17
  68: tokio::runtime::blocking::pool::Spawner::spawn_thread::{{closure}}
             at /Users/xinxin22/.cargo/registry/src/mirrors.ustc.edu.cn-61ef6e0cd06fb9b8/tokio-1.21.2/src/runtime/blocking/pool.rs:321:13
  69: std::sys_common::backtrace::__rust_begin_short_backtrace
             at /rustc/a55dd71d5fb0ec5a6a3a9e8c27b2127ba491ce52/library/std/src/sys_common/backtrace.rs:122:18
  70: std::thread::Builder::spawn_unchecked_::{{closure}}::{{closure}}
             at /rustc/a55dd71d5fb0ec5a6a3a9e8c27b2127ba491ce52/library/std/src/thread/mod.rs:505:17
  71: <core::panic::unwind_safe::AssertUnwindSafe<F> as core::ops::function::FnOnce<()>>::call_once
             at /rustc/a55dd71d5fb0ec5a6a3a9e8c27b2127ba491ce52/library/core/src/panic/unwind_safe.rs:271:9
  72: std::panicking::try::do_call
             at /rustc/a55dd71d5fb0ec5a6a3a9e8c27b2127ba491ce52/library/std/src/panicking.rs:492:40
  73: ___rust_try
  74: std::panicking::try
             at /rustc/a55dd71d5fb0ec5a6a3a9e8c27b2127ba491ce52/library/std/src/panicking.rs:456:19
  75: std::panic::catch_unwind
             at /rustc/a55dd71d5fb0ec5a6a3a9e8c27b2127ba491ce52/library/std/src/panic.rs:137:14
  76: std::thread::Builder::spawn_unchecked_::{{closure}}
             at /rustc/a55dd71d5fb0ec5a6a3a9e8c27b2127ba491ce52/library/std/src/thread/mod.rs:504:30
  77: core::ops::function::FnOnce::call_once{{vtable.shim}}
             at /rustc/a55dd71d5fb0ec5a6a3a9e8c27b2127ba491ce52/library/core/src/ops/function.rs:248:5
  78: <alloc::boxed::Box<F,A> as core::ops::function::FnOnce<Args>>::call_once
             at /rustc/a55dd71d5fb0ec5a6a3a9e8c27b2127ba491ce52/library/alloc/src/boxed.rs:1935:9
      <alloc::boxed::Box<F,A> as core::ops::function::FnOnce<Args>>::call_once
             at /rustc/a55dd71d5fb0ec5a6a3a9e8c27b2127ba491ce52/library/alloc/src/boxed.rs:1935:9
      std::sys::unix::thread::Thread::new::thread_start
             at /rustc/a55dd71d5fb0ec5a6a3a9e8c27b2127ba491ce52/library/std/src/sys/unix/thread.rs:108:17
  79: __pthread_deallocate

    Finished dev [unoptimized + debuginfo] target(s) in 0.36s
     Running `target/debug/agent --discovery 'vintage://10.182.27.228:8080' --snapshot /Users/xinxin22/Sites/breeze/snapshot --service-path /Users/xinxin22/Sites/breeze/socks --log-dir /Users/xinxin22/Sites/breeze/logs --upgrade --port 9984 --log-level info`
    Finished dev [unoptimized + debuginfo] target(s) in 0.34s
     Running `target/debug/agent --discovery 'vintage://10.182.27.228:8080' --snapshot /Users/xinxin22/Sites/breeze/snapshot --service-path /Users/xinxin22/Sites/breeze/socks --log-dir /Users/xinxin22/Sites/breeze/logs --upgrade --port 9984 --log-level info`
